D:\PROJECTS\C++ PROJECTS\MYGAME\DEBUG\MYGAME.EXE
D:\PROJECTS\C++ PROJECTS\MYGAME\DEBUG\MYGAME.ILK
D:\PROJECTS\C++ PROJECTS\MYGAME\DEBUG\MYGAME.PDB
D:\Projects\C++ Projects\myGame\myGame\Debug\cl.command.1.tlog
D:\Projects\C++ Projects\myGame\myGame\Debug\CL.read.1.tlog
D:\Projects\C++ Projects\myGame\myGame\Debug\CL.write.1.tlog
D:\PROJECTS\C++ PROJECTS\MYGAME\MYGAME\DEBUG\GAME.OBJ
D:\Projects\C++ Projects\myGame\myGame\Debug\link.1500.read.1.tlog
D:\Projects\C++ Projects\myGame\myGame\Debug\link.1500.write.1.tlog
D:\Projects\C++ Projects\myGame\myGame\Debug\link.1500-cvtres.read.1.tlog
D:\Projects\C++ Projects\myGame\myGame\Debug\link.1500-cvtres.write.1.tlog
D:\Projects\C++ Projects\myGame\myGame\Debug\link.2348.read.1.tlog
D:\Projects\C++ Projects\myGame\myGame\Debug\link.2348.write.1.tlog
D:\Projects\C++ Projects\myGame\myGame\Debug\link.2348-cvtres.read.1.tlog
D:\Projects\C++ Projects\myGame\myGame\Debug\link.2348-cvtres.write.1.tlog
D:\Projects\C++ Projects\myGame\myGame\Debug\link.4928.read.1.tlog
D:\Projects\C++ Projects\myGame\myGame\Debug\link.4928.write.1.tlog
D:\Projects\C++ Projects\myGame\myGame\Debug\link.4928-cvtres.read.1.tlog
D:\Projects\C++ Projects\myGame\myGame\Debug\link.4928-cvtres.write.1.tlog
D:\Projects\C++ Projects\myGame\myGame\Debug\link.5072.read.1.tlog
D:\Projects\C++ Projects\myGame\myGame\Debug\link.5072.write.1.tlog
D:\Projects\C++ Projects\myGame\myGame\Debug\link.5072-cvtres.read.1.tlog
D:\Projects\C++ Projects\myGame\myGame\Debug\link.5072-cvtres.write.1.tlog
D:\Projects\C++ Projects\myGame\myGame\Debug\link.5304.read.1.tlog
D:\Projects\C++ Projects\myGame\myGame\Debug\link.5304.write.1.tlog
D:\Projects\C++ Projects\myGame\myGame\Debug\link.5304-cvtres.read.1.tlog
D:\Projects\C++ Projects\myGame\myGame\Debug\link.5304-cvtres.write.1.tlog
D:\Projects\C++ Projects\myGame\myGame\Debug\link.5576.read.1.tlog
D:\Projects\C++ Projects\myGame\myGame\Debug\link.5576.write.1.tlog
D:\Projects\C++ Projects\myGame\myGame\Debug\link.5576-cvtres.read.1.tlog
D:\Projects\C++ Projects\myGame\myGame\Debug\link.5576-cvtres.write.1.tlog
D:\Projects\C++ Projects\myGame\myGame\Debug\link.6464.read.1.tlog
D:\Projects\C++ Projects\myGame\myGame\Debug\link.6464.write.1.tlog
D:\Projects\C++ Projects\myGame\myGame\Debug\link.6464-cvtres.read.1.tlog
D:\Projects\C++ Projects\myGame\myGame\Debug\link.6464-cvtres.write.1.tlog
D:\Projects\C++ Projects\myGame\myGame\Debug\link.6704.read.1.tlog
D:\Projects\C++ Projects\myGame\myGame\Debug\link.6704.write.1.tlog
D:\Projects\C++ Projects\myGame\myGame\Debug\link.6704-cvtres.read.1.tlog
D:\Projects\C++ Projects\myGame\myGame\Debug\link.6704-cvtres.write.1.tlog
D:\Projects\C++ Projects\myGame\myGame\Debug\link.6840.read.1.tlog
D:\Projects\C++ Projects\myGame\myGame\Debug\link.6840.write.1.tlog
D:\Projects\C++ Projects\myGame\myGame\Debug\link.6840-cvtres.read.1.tlog
D:\Projects\C++ Projects\myGame\myGame\Debug\link.6840-cvtres.write.1.tlog
D:\Projects\C++ Projects\myGame\myGame\Debug\link.7548.read.1.tlog
D:\Projects\C++ Projects\myGame\myGame\Debug\link.7548.write.1.tlog
D:\Projects\C++ Projects\myGame\myGame\Debug\link.7548-cvtres.read.1.tlog
D:\Projects\C++ Projects\myGame\myGame\Debug\link.7548-cvtres.write.1.tlog
D:\Projects\C++ Projects\myGame\myGame\Debug\link.7860.read.1.tlog
D:\Projects\C++ Projects\myGame\myGame\Debug\link.7860.write.1.tlog
D:\Projects\C++ Projects\myGame\myGame\Debug\link.7860-cvtres.read.1.tlog
D:\Projects\C++ Projects\myGame\myGame\Debug\link.7860-cvtres.write.1.tlog
D:\Projects\C++ Projects\myGame\myGame\Debug\link.command.1.tlog
D:\Projects\C++ Projects\myGame\myGame\Debug\link.read.1.tlog
D:\Projects\C++ Projects\myGame\myGame\Debug\link.write.1.tlog
D:\Projects\C++ Projects\myGame\myGame\Debug\link-cvtres.read.1.tlog
D:\Projects\C++ Projects\myGame\myGame\Debug\link-cvtres.write.1.tlog
D:\Projects\C++ Projects\myGame\myGame\Debug\mt.command.1.tlog
D:\Projects\C++ Projects\myGame\myGame\Debug\mt.read.1.tlog
D:\Projects\C++ Projects\myGame\myGame\Debug\mt.write.1.tlog
D:\PROJECTS\C++ PROJECTS\MYGAME\MYGAME\DEBUG\MYGAME.EXE.EMBED.MANIFEST
D:\PROJECTS\C++ PROJECTS\MYGAME\MYGAME\DEBUG\MYGAME.EXE.EMBED.MANIFEST.RES
D:\PROJECTS\C++ PROJECTS\MYGAME\MYGAME\DEBUG\MYGAME.EXE.INTERMEDIATE.MANIFEST
D:\Projects\C++ Projects\myGame\myGame\Debug\myGame.vcxprojResolveAssemblyReference.cache
D:\Projects\C++ Projects\myGame\myGame\Debug\myGame.write.1.tlog
D:\Projects\C++ Projects\myGame\myGame\Debug\myGame_manifest.rc
D:\Projects\C++ Projects\myGame\myGame\Debug\rc.command.1.tlog
D:\Projects\C++ Projects\myGame\myGame\Debug\rc.read.1.tlog
D:\Projects\C++ Projects\myGame\myGame\Debug\rc.write.1.tlog
D:\Projects\C++ Projects\myGame\myGame\Debug\vc100.idb
D:\PROJECTS\C++ PROJECTS\MYGAME\MYGAME\DEBUG\VC100.PDB
