Build started 8/21/2017 12:37:04 AM.
     1>Project "D:\Projects\C++ Projects\myGame\myGame\myGame.vcxproj" on node 2 (build target(s)).
     1>InitializeBuildStatus:
         Creating "Debug\myGame.unsuccessfulbuild" because "AlwaysCreate" was specified.
       ClCompile:
         d:\vs\VC\bin\CL.exe /c /ZI /nologo /W3 /WX- /Od /Oy- /D WIN32 /D _DEBUG /D _CONSOLE /D _MBCS /Gm /EHsc /RTC1 /MDd /GS /fp:precise /Zc:wchar_t /Zc:forScope /Fo"Debug\\" /Fd"Debug\vc100.pdb" /Gd /TP /analyze- /errorReport:prompt game.cpp
         game.cpp
     1>d:\projects\c++ projects\mygame\mygame\rgbapixmap.h(261): warning C4996: 'fopen': This function or variable may be unsafe. Consider using fopen_s instead. To disable deprecation, use _CRT_SECURE_NO_WARNINGS. See online help for details.
                 d:\vs\vc\include\stdio.h(234) : see declaration of 'fopen'
     1>d:\projects\c++ projects\mygame\mygame\rgbapixmap.h(326): warning C4018: '<' : signed/unsigned mismatch
     1>d:\projects\c++ projects\mygame\mygame\rgbapixmap.h(328): warning C4018: '<' : signed/unsigned mismatch
       ManifestResourceCompile:
         All outputs are up-to-date.
       Link:
         d:\vs\VC\bin\link.exe /ERRORREPORT:PROMPT /OUT:"D:\Projects\C++ Projects\myGame\Debug\myGame.exe" /INCREMENTAL /NOLOGO kernel32.lib user32.lib gdi32.lib winspool.lib comdlg32.lib advapi32.lib shell32.lib ole32.lib oleaut32.lib uuid.lib odbc32.lib odbccp32.lib /MANIFEST /ManifestFile:"Debug\myGame.exe.intermediate.manifest" /MANIFESTUAC:"level='asInvoker' uiAccess='false'" /DEBUG /PDB:"D:\Projects\C++ Projects\myGame\Debug\myGame.pdb" /SUBSYSTEM:CONSOLE /TLBID:1 /DYNAMICBASE /NXCOMPAT /IMPLIB:"D:\Projects\C++ Projects\myGame\Debug\myGame.lib" /MACHINE:X86 Debug\myGame.exe.embed.manifest.res
         Debug\game.obj
       Manifest:
         C:\Program Files (x86)\Microsoft SDKs\Windows\v7.0A\bin\mt.exe /nologo /verbose /out:"Debug\myGame.exe.embed.manifest" /manifest Debug\myGame.exe.intermediate.manifest
         All outputs are up-to-date.
       LinkEmbedManifest:
         All outputs are up-to-date.
         myGame.vcxproj -> D:\Projects\C++ Projects\myGame\Debug\myGame.exe
       FinalizeBuildStatus:
         Deleting file "Debug\myGame.unsuccessfulbuild".
         Touching "Debug\myGame.lastbuildstate".
     1>Done Building Project "D:\Projects\C++ Projects\myGame\myGame\myGame.vcxproj" (build target(s)).

Build succeeded.

Time Elapsed 00:00:02.19
